<?xml version="1.0" encoding="utf-8"?><testsuites name="pytest tests"><testsuite name="pytest" errors="0" failures="0" skipped="0" tests="11" time="2.002" timestamp="2026-09-02T11:37:59.353508+00:00" hostname="agent-env-47541e07-128b-46d4-ab7d-d4551430b3cc"><testcase classname="tests.test_gt_return_masters.TestOtherMasters" name="test_list_masters[commission-rules-100]" time="0.649" /><testcase classname="tests.test_gt_return_masters.TestGTCharges" name="test_gt_charges_populated" time="0.790" /><testcase classname="tests.test_gt_return_masters.TestOtherMasters" name="test_list_masters[fixed-fees-200]" time="0.095" /><testcase classname="tests.test_gt_return_masters.TestOtherMasters" name="test_list_masters[subcat-levels-10]" time="0.109" /><testcase classname="tests.test_gt_return_masters.TestGTCharges" name="test_gt_charges_bands_and_levels" time="0.084" /><testcase classname="tests.test_gt_return_masters.TestOtherMasters" name="test_singletons[tolerance-keys0]" time="0.076" /><testcase classname="tests.test_gt_return_masters.TestReturnFees" name="test_return_fees_populated" time="0.122" /><testcase classname="tests.test_gt_return_masters.TestOtherMasters" name="test_singletons[tax-rates-keys1]" time="0.075" /><testcase classname="tests.test_gt_return_masters" name="test_no_kazo_in_masters" time="0.416" /><testcase classname="tests.test_gt_return_masters.TestOtherMasters" name="test_singletons[settlement-settings-keys2]" time="0.078" /><testcase classname="tests.test_gt_return_masters.TestOtherMasters" name="test_exact_counts_report" time="0.417" /></testsuite></testsuites>