<?xml version="1.0" encoding="utf-8"?><testsuites name="pytest tests"><testsuite name="pytest" errors="0" failures="0" skipped="0" tests="14" time="3.554" timestamp="2026-09-11T10:23:00.602120+00:00" hostname="agent-env-47541e07-128b-46d4-ab7d-d4551430b3cc"><testcase classname="tests.test_ad_spend_claims.TestAdSpend" name="test_template_download" time="0.779" /><testcase classname="tests.test_ad_spend_claims.TestClaims" name="test_list_breakage" time="0.751" /><testcase classname="tests.test_ad_spend_claims.TestAdSpend" name="test_list_ad_spend_has_existing_uploads" time="0.188" /><testcase classname="tests.test_ad_spend_claims.TestAdSpend" name="test_upload_ad_spend_roundtrip" time="0.188" /><testcase classname="tests.test_ad_spend_claims.TestClaims" name="test_scan_viewer_forbidden" time="0.527" /><testcase classname="tests.test_ad_spend_claims.TestClaims" name="test_list_open_status_filter" time="0.195" /><testcase classname="tests.test_ad_spend_claims.TestClaims" name="test_email_body_present" time="0.210" /><testcase classname="tests.test_ad_spend_claims.TestAdSpend" name="test_upload_ad_spend_viewer_forbidden" time="0.507" /><testcase classname="tests.test_ad_spend_claims.TestPnLIntegration" name="test_summary_contains_new_fields" time="0.407" /><testcase classname="tests.test_ad_spend_claims.TestClaims" name="test_patch_status_admin" time="0.607" /><testcase classname="tests.test_ad_spend_claims.TestPnLIntegration" name="test_monthly_has_ad_spend" time="0.445" /><testcase classname="tests.test_ad_spend_claims.TestClaims" name="test_patch_status_viewer_forbidden" time="0.329" /><testcase classname="tests.test_ad_spend_claims.TestPnLIntegration" name="test_sku_has_ad_spend_and_identity" time="0.319" /><testcase classname="tests.test_ad_spend_claims.TestClaims" name="test_patch_invalid_status" time="0.333" /></testsuite></testsuites>