<?xml version="1.0" encoding="utf-8"?><testsuites name="pytest tests"><testsuite name="pytest" errors="0" failures="0" skipped="0" tests="8" time="9.740" timestamp="2026-09-11T14:10:46.657933+00:00" hostname="agent-env-47541e07-128b-46d4-ab7d-d4551430b3cc"><testcase classname="tests.test_reconciliation_basis" name="test_login" time="0.390" /><testcase classname="tests.test_reconciliation_basis" name="test_overview_totals" time="0.574" /><testcase classname="tests.test_reconciliation_basis" name="test_sales_ledger_rows" time="0.203" /><testcase classname="tests.test_reconciliation_basis" name="test_recon_orderfile_allmonths" time="1.711" /><testcase classname="tests.test_reconciliation_basis" name="test_recon_contract_allmonths" time="3.127" /><testcase classname="tests.test_reconciliation_basis" name="test_recon_orderfile_permonth" time="1.551" /><testcase classname="tests.test_reconciliation_basis" name="test_recon_runs_have_basis" time="0.155" /><testcase classname="tests.test_reconciliation_basis" name="test_zzz_reset_default_orderfile" time="1.966" /></testsuite></testsuites>