<?xml version="1.0" encoding="utf-8"?><testsuites name="pytest tests"><testsuite name="pytest" errors="0" failures="1" skipped="0" tests="42" time="20.756" timestamp="2026-09-01T21:33:52.149105+00:00" hostname="agent-env-47541e07-128b-46d4-ab7d-d4551430b3cc"><testcase classname="tests.test_latin_rebrand_smoke.TestHealthAuth" name="test_health" time="1.519" /><testcase classname="tests.test_latin_rebrand_smoke.TestHealthAuth" name="test_admin_login" time="0.384" /><testcase classname="tests.test_latin_rebrand_smoke.TestMasters" name="test_master_endpoint_ok[/masters/commission-rules]" time="1.934" /><testcase classname="tests.test_latin_rebrand_smoke.TestHealthAuth" name="test_marketing_login" time="0.318" /><testcase classname="tests.test_latin_rebrand_smoke.TestMasters" name="test_master_endpoint_ok[/masters/fixed-fees]" time="0.084" /><testcase classname="tests.test_latin_rebrand_smoke.TestMasters" name="test_master_endpoint_ok[/masters/gt-charges]" time="0.064" /><testcase classname="tests.test_latin_rebrand_smoke.TestMasters" name="test_master_endpoint_ok[/masters/return-fees]" time="0.080" /><testcase classname="tests.test_latin_rebrand_smoke.TestMasters" name="test_master_endpoint_ok[/masters/subcat-levels]" time="0.117" /><testcase classname="tests.test_latin_rebrand_smoke.TestHealthAuth" name="test_bad_password_rejected" time="0.353" /><testcase classname="tests.test_latin_rebrand_smoke.TestMasters" name="test_master_endpoint_ok[/masters/tolerance]" time="0.111" /><testcase classname="tests.test_latin_rebrand_smoke.TestMasters" name="test_master_endpoint_ok[/masters/tax-rates]" time="0.073" /><testcase classname="tests.test_latin_rebrand_smoke.TestMasters" name="test_master_endpoint_ok[/masters/settlement-settings]" time="0.154" /><testcase classname="tests.test_latin_rebrand_smoke.TestHealthAuth" name="test_legacy_kazo_admin_removed" time="0.102" /><testcase classname="tests.test_latin_rebrand_smoke.TestMasters" name="test_commission_rules_count_and_brand" time="0.071" /><testcase classname="tests.test_latin_rebrand_smoke.TestHealthAuth" name="test_protected_requires_auth" time="0.141" /><testcase classname="tests.test_latin_rebrand_smoke.TestMasters" name="test_fixed_fees_count" time="0.087"><failure message="AssertionError: fixed-fees truncated: 200 of 272 returned&#10;assert 200 == 272&#10; +  where 200 = len([{'id': '89ccd006-9cc2-4140-9297-151697b0bcf5', 'aisp_lower': 0.0, 'aisp_upper': 250.0, 'label': 'Tops', ...}, {'id': '39f0b391-9c09-4ab0-9f10-294f15e3a7c3', 'aisp_lower': 0.0, 'aisp_upper': 250.0, 'label': 'Shrug', ...}, {'id': '73145380-3102-4c59-93e2-fd49e2c7e8f5', 'aisp_lower': 0.0, 'aisp_upper': 250.0, 'label': 'Dresses', ...}, {'id': '79f1d571-3269-4baf-9970-4b5af28629aa', 'aisp_lower': 0.0, 'aisp_upper': 250.0, 'label': 'Sweatshirts', ...}, {'id': 'b38ae1d7-627b-4bda-af36-b1ca875bfdcf', 'aisp_lower': 0.0, 'aisp_upper': 250.0, 'label': 'Trousers', ...}, {'id': '93ba38dc-8c1f-489d-b2b3-14c59e06d76e', 'aisp_lower': 0.0, 'aisp_upper': 400.0, 'label': 'Track Pants', ...}, ...])">E   AssertionError: fixed-fees truncated: 200 of 272 returned
    assert 200 == 272
     +  where 200 = len([{'id': '89ccd006-9cc2-4140-9297-151697b0bcf5', 'aisp_lower': 0.0, 'aisp_upper': 250.0, 'label': 'Tops', ...}, {'id': '39f0b391-9c09-4ab0-9f10-294f15e3a7c3', 'aisp_lower': 0.0, 'aisp_upper': 250.0, 'label': 'Shrug', ...}, {'id': '73145380-3102-4c59-93e2-fd49e2c7e8f5', 'aisp_lower': 0.0, 'aisp_upper': 250.0, 'label': 'Dresses', ...}, {'id': '79f1d571-3269-4baf-9970-4b5af28629aa', 'aisp_lower': 0.0, 'aisp_upper': 250.0, 'label': 'Sweatshirts', ...}, {'id': 'b38ae1d7-627b-4bda-af36-b1ca875bfdcf', 'aisp_lower': 0.0, 'aisp_upper': 250.0, 'label': 'Trousers', ...}, {'id': '93ba38dc-8c1f-489d-b2b3-14c59e06d76e', 'aisp_lower': 0.0, 'aisp_upper': 400.0, 'label': 'Track Pants', ...}, ...])</failure></testcase><testcase classname="tests.test_latin_rebrand_smoke.TestMasters" name="test_no_kazo_in_master_payloads[/masters/commission-rules]" time="0.073" /><testcase classname="tests.test_latin_rebrand_smoke.TestMasters" name="test_no_kazo_in_master_payloads[/masters/fixed-fees]" time="0.082" /><testcase classname="tests.test_latin_rebrand_smoke.TestMasters" name="test_no_kazo_in_master_payloads[/masters/gt-charges]" time="0.092" /><testcase classname="tests.test_latin_rebrand_smoke.TestMasters" name="test_no_kazo_in_master_payloads[/masters/return-fees]" time="0.084" /><testcase classname="tests.test_latin_rebrand_smoke.TestMasters" name="test_no_kazo_in_master_payloads[/masters/subcat-levels]" time="0.081" /><testcase classname="tests.test_latin_rebrand_smoke.TestMasters" name="test_no_kazo_in_master_payloads[/masters/tolerance]" time="0.078" /><testcase classname="tests.test_latin_rebrand_smoke.TestMasters" name="test_no_kazo_in_master_payloads[/masters/tax-rates]" time="0.067" /><testcase classname="tests.test_latin_rebrand_smoke.TestMasters" name="test_no_kazo_in_master_payloads[/masters/settlement-settings]" time="0.087" /><testcase classname="tests.test_latin_rebrand_smoke.TestDataLoad" name="test_uploads_two" time="0.073" /><testcase classname="tests.test_latin_rebrand_smoke.TestDataLoad" name="test_sales_list_and_pagination" time="0.179" /><testcase classname="tests.test_latin_rebrand_smoke.TestDataLoad" name="test_no_mongo_objectid_in_sales" time="0.092" /><testcase classname="tests.test_latin_rebrand_smoke.TestHealthAuth" name="test_me" time="1.054" /><testcase classname="tests.test_latin_rebrand_smoke.TestDataLoad" name="test_calculations_list" time="0.112" /><testcase classname="tests.test_latin_rebrand_smoke.TestDashboardsReports" name="test_overview" time="0.098" /><testcase classname="tests.test_latin_rebrand_smoke.TestDataLoad" name="test_settlement_list" time="0.111" /><testcase classname="tests.test_latin_rebrand_smoke.TestDashboardsReports" name="test_commission_summary" time="0.290" /><testcase classname="tests.test_latin_rebrand_smoke.TestReconRecovery" name="test_runs" time="0.106" /><testcase classname="tests.test_latin_rebrand_smoke.TestReconRecovery" name="test_discrepancies" time="0.168" /><testcase classname="tests.test_latin_rebrand_smoke.TestDashboardsReports" name="test_reconciliation_summary" time="0.251" /><testcase classname="tests.test_latin_rebrand_smoke.TestReconRecovery" name="test_recovery_cases" time="0.072" /><testcase classname="tests.test_latin_rebrand_smoke.TestReconRecovery" name="test_recovery_summary" time="0.111" /><testcase classname="tests.test_latin_rebrand_smoke.TestInsights" name="test_health_score" time="0.279" /><testcase classname="tests.test_latin_rebrand_smoke.TestDashboardsReports" name="test_reports_months_includes_202606" time="0.083" /><testcase classname="tests.test_latin_rebrand_smoke.TestDashboardsReports" name="test_reports_monthly" time="0.142" /><testcase classname="tests.test_latin_rebrand_smoke.TestInsights" name="test_morning_brief" time="15.665" /><testcase classname="tests.test_latin_rebrand_smoke.TestDashboardsReports" name="test_reports_monthly_export" time="5.204" /></testsuite></testsuites>