<?xml version="1.0" encoding="utf-8"?><testsuites name="pytest tests"><testsuite name="pytest" errors="0" failures="0" skipped="0" tests="10" time="3.265" timestamp="2026-09-11T08:03:28.083200+00:00" hostname="agent-env-47541e07-128b-46d4-ab7d-d4551430b3cc"><testcase classname="tests.test_pnl_sku_costs" name="test_sku_cost_template_xlsx" time="0.703" /><testcase classname="tests.test_pnl_sku_costs" name="test_sku_costs_upload_csv_and_search" time="0.313" /><testcase classname="tests.test_pnl_sku_costs" name="test_sku_costs_upload_case_insensitive_headers" time="0.124" /><testcase classname="tests.test_pnl_sku_costs" name="test_sku_costs_upload_missing_cost_column" time="0.110" /><testcase classname="tests.test_pnl_sku_costs" name="test_cleanup_test_skus" time="0.000" /><testcase classname="tests.test_pnl_sku_costs" name="test_pnl_summary_2026_06" time="0.174" /><testcase classname="tests.test_pnl_sku_costs" name="test_pnl_by_sku_shape_and_sort" time="0.188" /><testcase classname="tests.test_pnl_sku_costs" name="test_pnl_by_sku_search" time="0.472" /><testcase classname="tests.test_pnl_sku_costs" name="test_pnl_monthly_includes_2026_06" time="0.392" /><testcase classname="tests.test_pnl_sku_costs" name="test_pnl_consistency_sku_sum_vs_summary" time="0.518" /></testsuite></testsuites>