<?xml version="1.0" encoding="utf-8"?><testsuites name="pytest tests"><testsuite name="pytest" errors="0" failures="0" skipped="0" tests="15" time="10.131" timestamp="2026-09-03T13:05:57.137080+00:00" hostname="agent-env-47541e07-128b-46d4-ab7d-d4551430b3cc"><testcase classname="tests.test_fixed_fee_subcategory.TestFixedFeeInvariantAudit" name="test_all_mapped_sales_rows_slab_matches_subcategory" time="8.361" /><testcase classname="tests.test_fixed_fee_subcategory.TestReportedOrder" name="test_reported_order_subcategory_is_tops" time="1.582" /><testcase classname="tests.test_fixed_fee_subcategory.TestReportedOrder" name="test_reported_order_fixed_fee_slab_label_is_tops" time="0.000" /><testcase classname="tests.test_fixed_fee_subcategory.TestReportedOrder" name="test_reported_order_fixed_fee_value" time="0.000" /><testcase classname="tests.test_fixed_fee_subcategory.TestOtherRulesRegression" name="test_commission_gt_populated_for_mapped_sales" time="0.459" /><testcase classname="tests.test_fixed_fee_subcategory.TestOtherRulesRegression" name="test_return_rows_have_return_fee_zone" time="0.411" /><testcase classname="tests.test_fixed_fee_subcategory.TestOtherRulesRegression" name="test_masters_gt_and_return_fee_counts" time="0.155" /><testcase classname="tests.test_fixed_fee_subcategory.TestSmoke" name="test_calculations_list_returns_rows" time="0.322" /><testcase classname="tests.test_fixed_fee_subcategory.TestSmoke" name="test_no_mongo_id_leak" time="0.115" /><testcase classname="tests.test_fixed_fee_subcategory.TestFixedFeeInvariantAudit" name="test_per_subcategory_slab_label[Tops]" time="0.221" /><testcase classname="tests.test_fixed_fee_subcategory.TestFixedFeeInvariantAudit" name="test_per_subcategory_slab_label[Trousers]" time="0.245" /><testcase classname="tests.test_fixed_fee_subcategory.TestFixedFeeInvariantAudit" name="test_per_subcategory_slab_label[Blazers]" time="0.227" /><testcase classname="tests.test_fixed_fee_subcategory.TestFixedFeeInvariantAudit" name="test_per_subcategory_slab_label[Coats]" time="0.188" /><testcase classname="tests.test_fixed_fee_subcategory.TestFixedFeeInvariantAudit" name="test_per_subcategory_slab_label[Dresses]" time="0.358" /><testcase classname="tests.test_fixed_fee_subcategory.TestFixedFeeInvariantAudit" name="test_per_subcategory_slab_label[Shrug]" time="0.205" /></testsuite></testsuites>